# JRE version: Java(TM) SE Runtime Environment (8.0_65-b17) (build 1.8.0_65-b17)
# Java VM: Java HotSpot(TM) 64-Bit Server VM (25.65-b01 mixed mode windows-amd64 compressed oops)
Heap:
 PSYoungGen      total 50176K, used 10609K [0x00000000d5b80000, 0x00000000d9280000, 0x0000000100000000)
  eden space 45056K, 23% used [0x00000000d5b80000,0x00000000d65dc460,0x00000000d8780000)
  from space 5120K, 0% used [0x00000000d8d80000,0x00000000d8d80000,0x00000000d9280000)
  to   space 5120K, 0% used [0x00000000d8880000,0x00000000d8880000,0x00000000d8d80000)
 ParOldGen       total 104448K, used 11115K [0x0000000081200000, 0x0000000087800000, 0x00000000d5b80000)
  object space 104448K, 10% used [0x0000000081200000,0x0000000081cdada0,0x0000000087800000)
 Metaspace       used 37037K, capacity 37408K, committed 37888K, reserved 1081344K
  class space    used 4944K, capacity 5032K, committed 5120K, reserved 1048576K
GC Heap History (10 events):
Event: 6.248 GC heap before
{Heap before GC invocations=2 (full 0):
 PSYoungGen      total 38400K, used 28616K [0x00000000d5b80000, 0x00000000d8600000, 0x0000000100000000)
  eden space 33280K, 74% used [0x00000000d5b80000,0x00000000d73b6b90,0x00000000d7c00000)
  from space 5120K, 74% used [0x00000000d7c00000,0x00000000d7fbb5f8,0x00000000d8100000)
  to   space 5120K, 0% used [0x00000000d8100000,0x00000000d8100000,0x00000000d8600000)
 ParOldGen       total 87552K, used 16K [0x0000000081200000, 0x0000000086780000, 0x00000000d5b80000)
  object space 87552K, 0% used [0x0000000081200000,0x0000000081204000,0x0000000086780000)
 Metaspace       used 20922K, capacity 21242K, committed 21296K, reserved 1067008K
  class space    used 2817K, capacity 2933K, committed 2944K, reserved 1048576K
Event: 6.260 GC heap after
Heap after GC invocations=2 (full 0):
 PSYoungGen      total 38400K, used 5119K [0x00000000d5b80000, 0x00000000d8600000, 0x0000000100000000)
  eden space 33280K, 0% used [0x00000000d5b80000,0x00000000d5b80000,0x00000000d7c00000)
  from space 5120K, 99% used [0x00000000d8100000,0x00000000d85ffe10,0x00000000d8600000)
  to   space 5120K, 0% used [0x00000000d7c00000,0x00000000d7c00000,0x00000000d8100000)
 ParOldGen       total 87552K, used 2658K [0x0000000081200000, 0x0000000086780000, 0x00000000d5b80000)
  object space 87552K, 3% used [0x0000000081200000,0x0000000081498950,0x0000000086780000)
 Metaspace       used 20922K, capacity 21242K, committed 21296K, reserved 1067008K
  class space    used 2817K, capacity 2933K, committed 2944K, reserved 1048576K
}
Event: 6.260 GC heap before
{Heap before GC invocations=3 (full 1):
 PSYoungGen      total 38400K, used 5119K [0x00000000d5b80000, 0x00000000d8600000, 0x0000000100000000)
  eden space 33280K, 0% used [0x00000000d5b80000,0x00000000d5b80000,0x00000000d7c00000)
  from space 5120K, 99% used [0x00000000d8100000,0x00000000d85ffe10,0x00000000d8600000)
  to   space 5120K, 0% used [0x00000000d7c00000,0x00000000d7c00000,0x00000000d8100000)
 ParOldGen       total 87552K, used 2658K [0x0000000081200000, 0x0000000086780000, 0x00000000d5b80000)
  object space 87552K, 3% used [0x0000000081200000,0x0000000081498950,0x0000000086780000)
 Metaspace       used 20922K, capacity 21242K, committed 21296K, reserved 1067008K
  class space    used 2817K, capacity 2933K, committed 2944K, reserved 1048576K
Event: 6.314 GC heap after
Heap after GC invocations=3 (full 1):
 PSYoungGen      total 38400K, used 0K [0x00000000d5b80000, 0x00000000d8600000, 0x0000000100000000)
  eden space 33280K, 0% used [0x00000000d5b80000,0x00000000d5b80000,0x00000000d7c00000)
  from space 5120K, 0% used [0x00000000d8100000,0x00000000d8100000,0x00000000d8600000)
  to   space 5120K, 0% used [0x00000000d7c00000,0x00000000d7c00000,0x00000000d8100000)
 ParOldGen       total 64000K, used 7583K [0x0000000081200000, 0x0000000085080000, 0x00000000d5b80000)
  object space 64000K, 11% used [0x0000000081200000,0x0000000081967dc8,0x0000000085080000)
 Metaspace       used 20922K, capacity 21242K, committed 21296K, reserved 1067008K
  class space    used 2817K, capacity 2933K, committed 2944K, reserved 1048576K
}
Event: 8.691 GC heap before
{Heap before GC invocations=4 (full 1):
 PSYoungGen      total 38400K, used 33280K [0x00000000d5b80000, 0x00000000d8600000, 0x0000000100000000)
  eden space 33280K, 100% used [0x00000000d5b80000,0x00000000d7c00000,0x00000000d7c00000)
  from space 5120K, 0% used [0x00000000d8100000,0x00000000d8100000,0x00000000d8600000)
  to   space 5120K, 0% used [0x00000000d7c00000,0x00000000d7c00000,0x00000000d8100000)
 ParOldGen       total 64000K, used 7583K [0x0000000081200000, 0x0000000085080000, 0x00000000d5b80000)
  object space 64000K, 11% used [0x0000000081200000,0x0000000081967dc8,0x0000000085080000)
 Metaspace       used 30621K, capacity 30930K, committed 31104K, reserved 1077248K
  class space    used 4120K, capacity 4217K, committed 4224K, reserved 1048576K
Event: 8.700 GC heap after
Heap after GC invocations=4 (full 1):
 PSYoungGen      total 38400K, used 5098K [0x00000000d5b80000, 0x00000000d9280000, 0x0000000100000000)
  eden space 33280K, 0% used [0x00000000d5b80000,0x00000000d5b80000,0x00000000d7c00000)
  from space 5120K, 99% used [0x00000000d7c00000,0x00000000d80faac8,0x00000000d8100000)
  to   space 5120K, 0% used [0x00000000d8d80000,0x00000000d8d80000,0x00000000d9280000)
 ParOldGen       total 64000K, used 10107K [0x0000000081200000, 0x0000000085080000, 0x00000000d5b80000)
  object space 64000K, 15% used [0x0000000081200000,0x0000000081bdecf0,0x0000000085080000)
 Metaspace       used 30621K, capacity 30930K, committed 31104K, reserved 1077248K
  class space    used 4120K, capacity 4217K, committed 4224K, reserved 1048576K
}
Event: 11.829 GC heap before
{Heap before GC invocations=5 (full 1):
 PSYoungGen      total 38400K, used 30054K [0x00000000d5b80000, 0x00000000d9280000, 0x0000000100000000)
  eden space 33280K, 74% used [0x00000000d5b80000,0x00000000d73df098,0x00000000d7c00000)
  from space 5120K, 99% used [0x00000000d7c00000,0x00000000d80faac8,0x00000000d8100000)
  to   space 5120K, 0% used [0x00000000d8d80000,0x00000000d8d80000,0x00000000d9280000)
 ParOldGen       total 64000K, used 10107K [0x0000000081200000, 0x0000000085080000, 0x00000000d5b80000)
  object space 64000K, 15% used [0x0000000081200000,0x0000000081bdecf0,0x0000000085080000)
 Metaspace       used 34959K, capacity 35246K, committed 35496K, reserved 1079296K
  class space    used 4695K, capacity 4803K, committed 4864K, reserved 1048576K
Event: 11.838 GC heap after
Heap after GC invocations=5 (full 1):
 PSYoungGen      total 50176K, used 5099K [0x00000000d5b80000, 0x00000000d9280000, 0x0000000100000000)
  eden space 45056K, 0% used [0x00000000d5b80000,0x00000000d5b80000,0x00000000d8780000)
  from space 5120K, 99% used [0x00000000d8d80000,0x00000000d927af38,0x00000000d9280000)
  to   space 5120K, 0% used [0x00000000d8880000,0x00000000d8880000,0x00000000d8d80000)
 ParOldGen       total 64000K, used 11291K [0x0000000081200000, 0x0000000085080000, 0x00000000d5b80000)
  object space 64000K, 17% used [0x0000000081200000,0x0000000081d06e00,0x0000000085080000)
 Metaspace       used 34959K, capacity 35246K, committed 35496K, reserved 1079296K
  class space    used 4695K, capacity 4803K, committed 4864K, reserved 1048576K
}
Event: 11.838 GC heap before
{Heap before GC invocations=6 (full 2):
 PSYoungGen      total 50176K, used 5099K [0x00000000d5b80000, 0x00000000d9280000, 0x0000000100000000)
  eden space 45056K, 0% used [0x00000000d5b80000,0x00000000d5b80000,0x00000000d8780000)
  from space 5120K, 99% used [0x00000000d8d80000,0x00000000d927af38,0x00000000d9280000)
  to   space 5120K, 0% used [0x00000000d8880000,0x00000000d8880000,0x00000000d8d80000)
 ParOldGen       total 64000K, used 11291K [0x0000000081200000, 0x0000000085080000, 0x00000000d5b80000)
  object space 64000K, 17% used [0x0000000081200000,0x0000000081d06e00,0x0000000085080000)
 Metaspace       used 34959K, capacity 35246K, committed 35496K, reserved 1079296K
  class space    used 4695K, capacity 4803K, committed 4864K, reserved 1048576K
Event: 11.908 GC heap after
Heap after GC invocations=6 (full 2):
 PSYoungGen      total 50176K, used 0K [0x00000000d5b80000, 0x00000000d9280000, 0x0000000100000000)
  eden space 45056K, 0% used [0x00000000d5b80000,0x00000000d5b80000,0x00000000d8780000)
  from space 5120K, 0% used [0x00000000d8d80000,0x00000000d8d80000,0x00000000d9280000)
  to   space 5120K, 0% used [0x00000000d8880000,0x00000000d8880000,0x00000000d8d80000)
 ParOldGen       total 104448K, used 11115K [0x0000000081200000, 0x0000000087800000, 0x00000000d5b80000)
  object space 104448K, 10% used [0x0000000081200000,0x0000000081cdada0,0x0000000087800000)
 Metaspace       used 34959K, capacity 35246K, committed 35496K, reserved 1079296K
  class space    used 4695K, capacity 4803K, committed 4864K, reserved 1048576K
}

